<?xml version="1.0" encoding="UTF-8"?>
<testng-results skipped="0" failed="1" ignored="10" total="21" passed="10">
  <reporter-output>
  </reporter-output>
  <suite name="Default suite" duration-ms="79242" started-at="2019-03-12T08:52:33Z" finished-at="2019-03-12T08:53:52Z">
    <groups>
    </groups>
    <test name="Default test" duration-ms="79242" started-at="2019-03-12T08:52:33Z" finished-at="2019-03-12T08:53:52Z">
      <class name="Checkmypage_PC.Checkmypage_PC.MypageOrderlist">
        <test-method status="PASS" signature="setup()[pri:0, instance:Checkmypage_PC.Checkmypage_PC.MypageOrderlist@31ef45e3]" name="setup" is-config="true" duration-ms="26295" started-at="2019-03-12T08:52:33Z" finished-at="2019-03-12T08:52:59Z">
          <reporter-output>
          </reporter-output>
        </test-method> <!-- setup -->
        <test-method status="PASS" signature="MypageMain()[pri:1, instance:Checkmypage_PC.Checkmypage_PC.MypageOrderlist@31ef45e3]" name="MypageMain" duration-ms="5552" started-at="2019-03-12T08:53:18Z" finished-at="2019-03-12T08:53:23Z">
          <reporter-output>
          </reporter-output>
        </test-method> <!-- MypageMain -->
        <test-method status="PASS" signature="end()[pri:0, instance:Checkmypage_PC.Checkmypage_PC.MypageOrderlist@31ef45e3]" name="end" is-config="true" duration-ms="1" started-at="2019-03-12T08:53:23Z" finished-at="2019-03-12T08:53:23Z">
          <reporter-output>
          </reporter-output>
        </test-method> <!-- end -->
      </class> <!-- Checkmypage_PC.Checkmypage_PC.MypageOrderlist -->
      <class name="Checkmypage_PC.Checkmypage_PC.MypageNuseticket">
        <test-method status="PASS" signature="Mypage_Nuticketapply()[pri:1, instance:Checkmypage_PC.Checkmypage_PC.MypageNuseticket@598067a5]" name="Mypage_Nuticketapply" duration-ms="3705" started-at="2019-03-12T08:53:41Z" finished-at="2019-03-12T08:53:45Z">
          <reporter-output>
          </reporter-output>
        </test-method> <!-- Mypage_Nuticketapply -->
        <test-method status="PASS" signature="end()[pri:0, instance:Checkmypage_PC.Checkmypage_PC.MypageNuseticket@598067a5]" name="end" is-config="true" duration-ms="0" started-at="2019-03-12T08:53:45Z" finished-at="2019-03-12T08:53:45Z">
          <reporter-output>
          </reporter-output>
        </test-method> <!-- end -->
      </class> <!-- Checkmypage_PC.Checkmypage_PC.MypageNuseticket -->
      <class name="Checkmypage_PC.Checkmypage_PC.MypageWishlist">
        <test-method status="PASS" signature="Mypage_ReWish()[pri:1, instance:Checkmypage_PC.Checkmypage_PC.MypageWishlist@3c0ecd4b]" name="Mypage_ReWish" duration-ms="6905" started-at="2019-03-12T08:53:45Z" finished-at="2019-03-12T08:53:52Z">
          <reporter-output>
          </reporter-output>
        </test-method> <!-- Mypage_ReWish -->
        <test-method status="PASS" signature="end()[pri:0, instance:Checkmypage_PC.Checkmypage_PC.MypageWishlist@3c0ecd4b]" name="end" is-config="true" duration-ms="1" started-at="2019-03-12T08:53:52Z" finished-at="2019-03-12T08:53:52Z">
          <reporter-output>
          </reporter-output>
        </test-method> <!-- end -->
      </class> <!-- Checkmypage_PC.Checkmypage_PC.MypageWishlist -->
      <class name="Checkmypage_PC.Checkmypage_PC.MypageMmodify">
        <test-method status="PASS" signature="Mypage_Rcoupon()[pri:1, instance:Checkmypage_PC.Checkmypage_PC.MypageMmodify@14bf9759]" name="Mypage_Rcoupon" duration-ms="5706" started-at="2019-03-12T08:53:12Z" finished-at="2019-03-12T08:53:18Z">
          <reporter-output>
          </reporter-output>
        </test-method> <!-- Mypage_Rcoupon -->
        <test-method status="PASS" signature="end()[pri:0, instance:Checkmypage_PC.Checkmypage_PC.MypageMmodify@14bf9759]" name="end" is-config="true" duration-ms="0" started-at="2019-03-12T08:53:18Z" finished-at="2019-03-12T08:53:18Z">
          <reporter-output>
          </reporter-output>
        </test-method> <!-- end -->
      </class> <!-- Checkmypage_PC.Checkmypage_PC.MypageMmodify -->
      <class name="Checkmypage_PC.Checkmypage_PC.MypageCancel">
        <test-method status="FAIL" signature="Mypage_Decancel()[pri:0, instance:Checkmypage_PC.Checkmypage_PC.MypageCancel@5f341870]" name="Mypage_Decancel" duration-ms="8233" started-at="2019-03-12T08:52:59Z" finished-at="2019-03-12T08:53:07Z">
          <exception class="com.codeborne.selenide.ex.ElementNotFound">
            <message>
              <![CDATA[Element not found {By.linkText: 상품beta}
Expected: visible or transparent]]>
            </message>
            <full-stacktrace>
              <![CDATA[Element not found {By.linkText: 상품beta}
Expected: visible or transparent
Screenshot: file:/C:/eclipse/workspace/Checkmypage_PC/build/reports/tests/1552380785914.0.png
Page source: file:/C:/eclipse/workspace/Checkmypage_PC/build/reports/tests/1552380785914.0.html
Timeout: 4 s.
Caused by: NoSuchElementException: no such element: Unable to locate element: {"method":"link text","selector":"상품beta"}
at com.codeborne.selenide.impl.WebElementSource.createElementNotFoundError(WebElementSource.java:37)
at com.codeborne.selenide.impl.ElementFinder.createElementNotFoundError(ElementFinder.java:100)
at com.codeborne.selenide.impl.WebElementSource.checkCondition(WebElementSource.java:65)
at com.codeborne.selenide.impl.WebElementSource.findAndAssertElementIsInteractable(WebElementSource.java:87)
at com.codeborne.selenide.commands.Click.execute(Click.java:13)
at com.codeborne.selenide.commands.Click.execute(Click.java:9)
at com.codeborne.selenide.commands.Commands.execute(Commands.java:144)
at com.codeborne.selenide.impl.SelenideElementProxy.dispatchAndRetry(SelenideElementProxy.java:99)
at com.codeborne.selenide.impl.SelenideElementProxy.invoke(SelenideElementProxy.java:65)
at com.sun.proxy.$Proxy6.click(Unknown Source)
at Checkmypage_PC.Checkmypage_PC.MypageCancel.Mypage_Decancel(MypageCancel.java:33)
at sun.reflect.NativeMethodAccessorImpl.invoke0(Native Method)
at sun.reflect.NativeMethodAccessorImpl.invoke(NativeMethodAccessorImpl.java:62)
at sun.reflect.DelegatingMethodAccessorImpl.invoke(DelegatingMethodAccessorImpl.java:43)
at java.lang.reflect.Method.invoke(Method.java:498)
at org.testng.internal.MethodInvocationHelper.invokeMethod(MethodInvocationHelper.java:124)
at org.testng.internal.Invoker.invokeMethod(Invoker.java:583)
at org.testng.internal.Invoker.invokeTestMethod(Invoker.java:719)
at org.testng.internal.Invoker.invokeTestMethods(Invoker.java:989)
at org.testng.internal.TestMethodWorker.invokeTestMethods(TestMethodWorker.java:125)
at org.testng.internal.TestMethodWorker.run(TestMethodWorker.java:109)
at org.testng.TestRunner.privateRun(TestRunner.java:648)
at org.testng.TestRunner.run(TestRunner.java:505)
at org.testng.SuiteRunner.runTest(SuiteRunner.java:455)
at org.testng.SuiteRunner.runSequentially(SuiteRunner.java:450)
at org.testng.SuiteRunner.privateRun(SuiteRunner.java:415)
at org.testng.SuiteRunner.run(SuiteRunner.java:364)
at org.testng.SuiteRunnerWorker.runSuite(SuiteRunnerWorker.java:52)
at org.testng.SuiteRunnerWorker.run(SuiteRunnerWorker.java:84)
at org.testng.TestNG.runSuitesSequentially(TestNG.java:1208)
at org.testng.TestNG.runSuitesLocally(TestNG.java:1137)
at org.testng.TestNG.runSuites(TestNG.java:1049)
at org.testng.TestNG.run(TestNG.java:1017)
at org.testng.remote.AbstractRemoteTestNG.run(AbstractRemoteTestNG.java:114)
at org.testng.remote.RemoteTestNG.initAndRun(RemoteTestNG.java:251)
at org.testng.remote.RemoteTestNG.main(RemoteTestNG.java:77)
Caused by: org.openqa.selenium.NoSuchElementException: no such element: Unable to locate element: {"method":"link text","selector":"상품beta"}
  (Session info: chrome=72.0.3626.121)
  (Driver info: chromedriver=2.45.615291 (ec3682e3c9061c10f26ea9e5cdcf3c53f3f74387),platform=Windows NT 6.1.7601 SP1 x86_64) (WARNING: The server did not provide any stacktrace information)
Command duration or timeout: 0 milliseconds
For documentation on this error, please visit: http://seleniumhq.org/exceptions/no_such_element.html
Build info: version: '3.14.0', revision: 'aacccce0', time: '2018-08-02T20:19:58.91Z'
System info: host: '2015080004-3WVP', ip: '10.102.130.168', os.name: 'Windows 7', os.arch: 'amd64', os.version: '6.1', java.version: '1.8.0_191'
Driver info: org.openqa.selenium.chrome.ChromeDriver
Capabilities {acceptInsecureCerts: false, acceptSslCerts: false, applicationCacheEnabled: false, browserConnectionEnabled: false, browserName: chrome, chrome: {chromedriverVersion: 2.45.615291 (ec3682e3c9061c..., userDataDir: C:\Users\ADMINI~1.WMP\AppDa...}, cssSelectorsEnabled: true, databaseEnabled: false, goog:chromeOptions: {debuggerAddress: localhost:65404}, handlesAlerts: true, hasTouchScreen: false, javascriptEnabled: true, locationContextEnabled: true, mobileEmulationEnabled: false, nativeEvents: true, networkConnectionEnabled: false, pageLoadStrategy: normal, platform: XP, platformName: XP, proxy: Proxy(), rotatable: false, setWindowRect: true, strictFileInteractability: false, takesHeapSnapshot: true, takesScreenshot: true, timeouts: {implicit: 0, pageLoad: 300000, script: 30000}, unexpectedAlertBehaviour: ignore, unhandledPromptBehavior: ignore, version: 72.0.3626.121, webStorageEnabled: true}
Session ID: d3dd126d983bffc17b3f78b2c0152825
*** Element info: {Using=link text, value=상품beta}
at sun.reflect.NativeConstructorAccessorImpl.newInstance0(Native Method)
at sun.reflect.NativeConstructorAccessorImpl.newInstance(NativeConstructorAccessorImpl.java:62)
at sun.reflect.DelegatingConstructorAccessorImpl.newInstance(DelegatingConstructorAccessorImpl.java:45)
at java.lang.reflect.Constructor.newInstance(Constructor.java:423)
at org.openqa.selenium.remote.ErrorHandler.createThrowable(ErrorHandler.java:214)
at org.openqa.selenium.remote.ErrorHandler.throwIfResponseFailed(ErrorHandler.java:166)
at org.openqa.selenium.remote.http.JsonHttpResponseCodec.reconstructValue(JsonHttpResponseCodec.java:40)
at org.openqa.selenium.remote.http.AbstractHttpResponseCodec.decode(AbstractHttpResponseCodec.java:80)
at org.openqa.selenium.remote.http.AbstractHttpResponseCodec.decode(AbstractHttpResponseCodec.java:44)
at org.openqa.selenium.remote.HttpCommandExecutor.execute(HttpCommandExecutor.java:158)
at org.openqa.selenium.remote.service.DriverCommandExecutor.execute(DriverCommandExecutor.java:83)
at org.openqa.selenium.remote.RemoteWebDriver.execute(RemoteWebDriver.java:548)
at org.openqa.selenium.remote.RemoteWebDriver.findElement(RemoteWebDriver.java:322)
at org.openqa.selenium.remote.RemoteWebDriver.findElementByLinkText(RemoteWebDriver.java:376)
at org.openqa.selenium.By$ByLinkText.findElement(By.java:220)
at org.openqa.selenium.remote.RemoteWebDriver.findElement(RemoteWebDriver.java:314)
at com.codeborne.selenide.impl.WebElementSelector.findElement(WebElementSelector.java:28)
at com.codeborne.selenide.impl.ElementFinder.getWebElement(ElementFinder.java:74)
at com.codeborne.selenide.impl.WebElementSource.checkCondition(WebElementSource.java:50)
... 33 more
]]>
            </full-stacktrace>
          </exception> <!-- com.codeborne.selenide.ex.ElementNotFound -->
          <reporter-output>
          </reporter-output>
        </test-method> <!-- Mypage_Decancel -->
        <test-method status="PASS" signature="end()[pri:0, instance:Checkmypage_PC.Checkmypage_PC.MypageCancel@5f341870]" name="end" is-config="true" duration-ms="8" started-at="2019-03-12T08:53:07Z" finished-at="2019-03-12T08:53:07Z">
          <reporter-output>
          </reporter-output>
        </test-method> <!-- end -->
        <test-method status="PASS" signature="Mypage_Recancel()[pri:0, instance:Checkmypage_PC.Checkmypage_PC.MypageCancel@5f341870]" name="Mypage_Recancel" duration-ms="4522" started-at="2019-03-12T08:53:07Z" finished-at="2019-03-12T08:53:12Z">
          <reporter-output>
          </reporter-output>
        </test-method> <!-- Mypage_Recancel -->
        <test-method status="PASS" signature="end()[pri:0, instance:Checkmypage_PC.Checkmypage_PC.MypageCancel@5f341870]" name="end" is-config="true" duration-ms="1" started-at="2019-03-12T08:53:12Z" finished-at="2019-03-12T08:53:12Z">
          <reporter-output>
          </reporter-output>
        </test-method> <!-- end -->
      </class> <!-- Checkmypage_PC.Checkmypage_PC.MypageCancel -->
      <class name="Checkmypage_PC.Checkmypage_PC.MypageReview">
        <test-method status="PASS" signature="Mypage_Rcoupon()[pri:1, instance:Checkmypage_PC.Checkmypage_PC.MypageReview@553f17c]" name="Mypage_Rcoupon" duration-ms="4290" started-at="2019-03-12T08:53:23Z" finished-at="2019-03-12T08:53:28Z">
          <reporter-output>
          </reporter-output>
        </test-method> <!-- Mypage_Rcoupon -->
        <test-method status="PASS" signature="end()[pri:0, instance:Checkmypage_PC.Checkmypage_PC.MypageReview@553f17c]" name="end" is-config="true" duration-ms="2" started-at="2019-03-12T08:53:28Z" finished-at="2019-03-12T08:53:28Z">
          <reporter-output>
          </reporter-output>
        </test-method> <!-- end -->
      </class> <!-- Checkmypage_PC.Checkmypage_PC.MypageReview -->
      <class name="Checkmypage_PC.Checkmypage_PC.MypageQnA">
        <test-method status="PASS" signature="Mypage_Rcoupon()[pri:1, instance:Checkmypage_PC.Checkmypage_PC.MypageQnA@4f7d0008]" name="Mypage_Rcoupon" duration-ms="3520" started-at="2019-03-12T08:53:31Z" finished-at="2019-03-12T08:53:35Z">
          <reporter-output>
          </reporter-output>
        </test-method> <!-- Mypage_Rcoupon -->
        <test-method status="PASS" signature="end()[pri:0, instance:Checkmypage_PC.Checkmypage_PC.MypageQnA@4f7d0008]" name="end" is-config="true" duration-ms="0" started-at="2019-03-12T08:53:35Z" finished-at="2019-03-12T08:53:35Z">
          <reporter-output>
          </reporter-output>
        </test-method> <!-- end -->
      </class> <!-- Checkmypage_PC.Checkmypage_PC.MypageQnA -->
      <class name="Checkmypage_PC.Checkmypage_PC.MypagePoint">
        <test-method status="PASS" signature="Mypage_Rcoupon()[pri:1, instance:Checkmypage_PC.Checkmypage_PC.MypagePoint@271053e1]" name="Mypage_Rcoupon" duration-ms="3678" started-at="2019-03-12T08:53:38Z" finished-at="2019-03-12T08:53:41Z">
          <reporter-output>
          </reporter-output>
        </test-method> <!-- Mypage_Rcoupon -->
        <test-method status="PASS" signature="end()[pri:0, instance:Checkmypage_PC.Checkmypage_PC.MypagePoint@271053e1]" name="end" is-config="true" duration-ms="1" started-at="2019-03-12T08:53:41Z" finished-at="2019-03-12T08:53:41Z">
          <reporter-output>
          </reporter-output>
        </test-method> <!-- end -->
      </class> <!-- Checkmypage_PC.Checkmypage_PC.MypagePoint -->
      <class name="Checkmypage_PC.Checkmypage_PC.MypageQue">
        <test-method status="PASS" signature="Mypage_Rcoupon()[pri:1, instance:Checkmypage_PC.Checkmypage_PC.MypageQue@589838eb]" name="Mypage_Rcoupon" duration-ms="3614" started-at="2019-03-12T08:53:28Z" finished-at="2019-03-12T08:53:31Z">
          <reporter-output>
          </reporter-output>
        </test-method> <!-- Mypage_Rcoupon -->
        <test-method status="PASS" signature="end()[pri:0, instance:Checkmypage_PC.Checkmypage_PC.MypageQue@589838eb]" name="end" is-config="true" duration-ms="0" started-at="2019-03-12T08:53:31Z" finished-at="2019-03-12T08:53:31Z">
          <reporter-output>
          </reporter-output>
        </test-method> <!-- end -->
      </class> <!-- Checkmypage_PC.Checkmypage_PC.MypageQue -->
      <class name="Checkmypage_PC.Checkmypage_PC.MypageCoupon">
        <test-method status="PASS" signature="Mypage_Rcoupon()[pri:1, instance:Checkmypage_PC.Checkmypage_PC.MypageCoupon@42dafa95]" name="Mypage_Rcoupon" duration-ms="3095" started-at="2019-03-12T08:53:35Z" finished-at="2019-03-12T08:53:38Z">
          <reporter-output>
          </reporter-output>
        </test-method> <!-- Mypage_Rcoupon -->
        <test-method status="PASS" signature="end()[pri:0, instance:Checkmypage_PC.Checkmypage_PC.MypageCoupon@42dafa95]" name="end" is-config="true" duration-ms="0" started-at="2019-03-12T08:53:38Z" finished-at="2019-03-12T08:53:38Z">
          <reporter-output>
          </reporter-output>
        </test-method> <!-- end -->
      </class> <!-- Checkmypage_PC.Checkmypage_PC.MypageCoupon -->
    </test> <!-- Default test -->
  </suite> <!-- Default suite -->
</testng-results>
